{"C:\\Users\\barte\\Downloads\\movies-app-master\\src\\App.js": {"path":"C:\\Users\\barte\\Downloads\\movies-app-master\\src\\App.js","statementMap":{"0":{"start":{"line":17,"column":12},"end":{"line":47,"column":1}},"1":{"start":{"line":18,"column":2},"end":{"line":46,"column":15}},"2":{"start":{"line":30,"column":24},"end":{"line":30,"column":59}}},"fnMap":{"0":{"name":"(anonymous_0)","decl":{"start":{"line":17,"column":12},"end":{"line":17,"column":13}},"loc":{"start":{"line":18,"column":2},"end":{"line":46,"column":15}},"line":18},"1":{"name":"(anonymous_1)","decl":{"start":{"line":30,"column":18},"end":{"line":30,"column":19}},"loc":{"start":{"line":30,"column":24},"end":{"line":30,"column":59}},"line":30}},"branchMap":{},"s":{"0":1,"1":3,"2":0},"f":{"0":3,"1":0},"b":{},"_coverageSchema":"332fd63041d2c1bcb487cc26dd0d5f7d97098a6c","hash":"5309a3e9b287873a7ad4bd09ad7f3faca663d692"}
,"C:\\Users\\barte\\Downloads\\movies-app-master\\src\\enzyme.js": {"path":"C:\\Users\\barte\\Downloads\\movies-app-master\\src\\enzyme.js","statementMap":{"0":{"start":{"line":4,"column":0},"end":{"line":4,"column":38}}},"fnMap":{},"branchMap":{},"s":{"0":1},"f":{},"b":{},"_coverageSchema":"332fd63041d2c1bcb487cc26dd0d5f7d97098a6c","hash":"1f7625b9446472c8fe9f4ae01f75d053e5557946"}
,"C:\\Users\\barte\\Downloads\\movies-app-master\\src\\index.js": {"path":"C:\\Users\\barte\\Downloads\\movies-app-master\\src\\index.js","statementMap":{"0":{"start":{"line":1,"column":0},"end":{"line":null,"column":-1}},"1":{"start":{"line":2,"column":0},"end":{"line":null,"column":-1}},"2":{"start":{"line":3,"column":0},"end":{"line":null,"column":-1}},"3":{"start":{"line":4,"column":0},"end":{"line":null,"column":-1}},"4":{"start":{"line":5,"column":0},"end":{"line":null,"column":-1}},"5":{"start":{"line":7,"column":0},"end":{"line":null,"column":-1}}},"fnMap":{},"branchMap":{},"s":{"0":0,"1":0,"2":0,"3":0,"4":0,"5":0},"f":{},"b":{}}
,"C:\\Users\\barte\\Downloads\\movies-app-master\\src\\actions\\index.js": {"path":"C:\\Users\\barte\\Downloads\\movies-app-master\\src\\actions\\index.js","statementMap":{"0":{"start":{"line":1,"column":34},"end":{"line":1,"column":54}},"1":{"start":{"line":2,"column":36},"end":{"line":2,"column":58}},"2":{"start":{"line":4,"column":36},"end":{"line":4,"column":58}},"3":{"start":{"line":5,"column":36},"end":{"line":5,"column":58}},"4":{"start":{"line":6,"column":38},"end":{"line":6,"column":62}},"5":{"start":{"line":7,"column":40},"end":{"line":7,"column":66}},"6":{"start":{"line":9,"column":41},"end":{"line":9,"column":68}},"7":{"start":{"line":10,"column":44},"end":{"line":10,"column":74}},"8":{"start":{"line":12,"column":25},"end":{"line":12,"column":36}},"9":{"start":{"line":13,"column":25},"end":{"line":13,"column":36}},"10":{"start":{"line":14,"column":21},"end":{"line":14,"column":28}},"11":{"start":{"line":15,"column":26},"end":{"line":15,"column":38}},"12":{"start":{"line":16,"column":32},"end":{"line":16,"column":50}},"13":{"start":{"line":17,"column":34},"end":{"line":17,"column":54}},"14":{"start":{"line":19,"column":22},"end":{"line":19,"column":65}},"15":{"start":{"line":20,"column":23},"end":{"line":20,"column":54}},"16":{"start":{"line":22,"column":26},"end":{"line":24,"column":2}},"17":{"start":{"line":22,"column":33},"end":{"line":24,"column":1}},"18":{"start":{"line":25,"column":34},"end":{"line":29,"column":2}},"19":{"start":{"line":25,"column":58},"end":{"line":29,"column":1}},"20":{"start":{"line":30,"column":35},"end":{"line":33,"column":2}},"21":{"start":{"line":30,"column":45},"end":{"line":33,"column":1}},"22":{"start":{"line":34,"column":37},"end":{"line":37,"column":2}},"23":{"start":{"line":34,"column":47},"end":{"line":37,"column":1}},"24":{"start":{"line":38,"column":34},"end":{"line":41,"column":2}},"25":{"start":{"line":38,"column":44},"end":{"line":41,"column":1}},"26":{"start":{"line":43,"column":27},"end":{"line":46,"column":2}},"27":{"start":{"line":43,"column":37},"end":{"line":46,"column":1}},"28":{"start":{"line":48,"column":43},"end":{"line":51,"column":2}},"29":{"start":{"line":48,"column":53},"end":{"line":51,"column":1}},"30":{"start":{"line":53,"column":41},"end":{"line":56,"column":2}},"31":{"start":{"line":53,"column":51},"end":{"line":56,"column":1}},"32":{"start":{"line":59,"column":2},"end":{"line":69,"column":4}},"33":{"start":{"line":60,"column":4},"end":{"line":60,"column":27}},"34":{"start":{"line":61,"column":4},"end":{"line":68,"column":59}},"35":{"start":{"line":63,"column":19},"end":{"line":63,"column":29}},"36":{"start":{"line":65,"column":8},"end":{"line":65,"column":44}},"37":{"start":{"line":66,"column":8},"end":{"line":66,"column":21}},"38":{"start":{"line":68,"column":22},"end":{"line":68,"column":57}},"39":{"start":{"line":73,"column":2},"end":{"line":83,"column":4}},"40":{"start":{"line":74,"column":4},"end":{"line":74,"column":27}},"41":{"start":{"line":75,"column":4},"end":{"line":82,"column":59}},"42":{"start":{"line":77,"column":19},"end":{"line":77,"column":29}},"43":{"start":{"line":79,"column":8},"end":{"line":79,"column":53}},"44":{"start":{"line":80,"column":8},"end":{"line":80,"column":21}},"45":{"start":{"line":82,"column":22},"end":{"line":82,"column":57}},"46":{"start":{"line":87,"column":2},"end":{"line":97,"column":4}},"47":{"start":{"line":88,"column":4},"end":{"line":88,"column":27}},"48":{"start":{"line":89,"column":4},"end":{"line":96,"column":59}},"49":{"start":{"line":91,"column":19},"end":{"line":91,"column":29}},"50":{"start":{"line":93,"column":8},"end":{"line":93,"column":51}},"51":{"start":{"line":94,"column":8},"end":{"line":94,"column":21}},"52":{"start":{"line":96,"column":22},"end":{"line":96,"column":57}},"53":{"start":{"line":101,"column":2},"end":{"line":113,"column":4}},"54":{"start":{"line":102,"column":4},"end":{"line":102,"column":27}},"55":{"start":{"line":103,"column":4},"end":{"line":112,"column":59}},"56":{"start":{"line":107,"column":19},"end":{"line":107,"column":29}},"57":{"start":{"line":109,"column":8},"end":{"line":109,"column":56}},"58":{"start":{"line":110,"column":8},"end":{"line":110,"column":21}},"59":{"start":{"line":112,"column":22},"end":{"line":112,"column":57}},"60":{"start":{"line":117,"column":2},"end":{"line":127,"column":4}},"61":{"start":{"line":118,"column":4},"end":{"line":118,"column":27}},"62":{"start":{"line":119,"column":4},"end":{"line":126,"column":59}},"63":{"start":{"line":121,"column":19},"end":{"line":121,"column":29}},"64":{"start":{"line":123,"column":8},"end":{"line":123,"column":47}},"65":{"start":{"line":124,"column":8},"end":{"line":124,"column":21}},"66":{"start":{"line":126,"column":22},"end":{"line":126,"column":57}},"67":{"start":{"line":131,"column":2},"end":{"line":133,"column":3}},"68":{"start":{"line":132,"column":4},"end":{"line":132,"column":37}},"69":{"start":{"line":134,"column":2},"end":{"line":134,"column":18}}},"fnMap":{"0":{"name":"(anonymous_0)","decl":{"start":{"line":22,"column":26},"end":{"line":22,"column":27}},"loc":{"start":{"line":22,"column":33},"end":{"line":24,"column":1}},"line":22},"1":{"name":"(anonymous_1)","decl":{"start":{"line":25,"column":34},"end":{"line":25,"column":35}},"loc":{"start":{"line":25,"column":58},"end":{"line":29,"column":1}},"line":25},"2":{"name":"(anonymous_2)","decl":{"start":{"line":30,"column":35},"end":{"line":30,"column":36}},"loc":{"start":{"line":30,"column":45},"end":{"line":33,"column":1}},"line":30},"3":{"name":"(anonymous_3)","decl":{"start":{"line":34,"column":37},"end":{"line":34,"column":38}},"loc":{"start":{"line":34,"column":47},"end":{"line":37,"column":1}},"line":34},"4":{"name":"(anonymous_4)","decl":{"start":{"line":38,"column":34},"end":{"line":38,"column":35}},"loc":{"start":{"line":38,"column":44},"end":{"line":41,"column":1}},"line":38},"5":{"name":"(anonymous_5)","decl":{"start":{"line":43,"column":27},"end":{"line":43,"column":28}},"loc":{"start":{"line":43,"column":37},"end":{"line":46,"column":1}},"line":43},"6":{"name":"(anonymous_6)","decl":{"start":{"line":48,"column":43},"end":{"line":48,"column":44}},"loc":{"start":{"line":48,"column":53},"end":{"line":51,"column":1}},"line":48},"7":{"name":"(anonymous_7)","decl":{"start":{"line":53,"column":41},"end":{"line":53,"column":42}},"loc":{"start":{"line":53,"column":51},"end":{"line":56,"column":1}},"line":53},"8":{"name":"fetchMoviesGenresForNavBar","decl":{"start":{"line":58,"column":16},"end":{"line":58,"column":42}},"loc":{"start":{"line":58,"column":45},"end":{"line":70,"column":1}},"line":58},"9":{"name":"(anonymous_9)","decl":{"start":{"line":59,"column":9},"end":{"line":59,"column":10}},"loc":{"start":{"line":59,"column":21},"end":{"line":69,"column":3}},"line":59},"10":{"name":"(anonymous_10)","decl":{"start":{"line":63,"column":12},"end":{"line":63,"column":13}},"loc":{"start":{"line":63,"column":19},"end":{"line":63,"column":29}},"line":63},"11":{"name":"(anonymous_11)","decl":{"start":{"line":64,"column":12},"end":{"line":64,"column":13}},"loc":{"start":{"line":64,"column":21},"end":{"line":67,"column":7}},"line":64},"12":{"name":"(anonymous_12)","decl":{"start":{"line":68,"column":13},"end":{"line":68,"column":14}},"loc":{"start":{"line":68,"column":22},"end":{"line":68,"column":57}},"line":68},"13":{"name":"fetchMovieNowPlaying","decl":{"start":{"line":72,"column":16},"end":{"line":72,"column":36}},"loc":{"start":{"line":72,"column":39},"end":{"line":84,"column":1}},"line":72},"14":{"name":"(anonymous_14)","decl":{"start":{"line":73,"column":9},"end":{"line":73,"column":10}},"loc":{"start":{"line":73,"column":21},"end":{"line":83,"column":3}},"line":73},"15":{"name":"(anonymous_15)","decl":{"start":{"line":77,"column":12},"end":{"line":77,"column":13}},"loc":{"start":{"line":77,"column":19},"end":{"line":77,"column":29}},"line":77},"16":{"name":"(anonymous_16)","decl":{"start":{"line":78,"column":12},"end":{"line":78,"column":13}},"loc":{"start":{"line":78,"column":21},"end":{"line":81,"column":7}},"line":78},"17":{"name":"(anonymous_17)","decl":{"start":{"line":82,"column":13},"end":{"line":82,"column":14}},"loc":{"start":{"line":82,"column":22},"end":{"line":82,"column":57}},"line":82},"18":{"name":"fetchMovieCategory","decl":{"start":{"line":86,"column":16},"end":{"line":86,"column":34}},"loc":{"start":{"line":86,"column":45},"end":{"line":98,"column":1}},"line":86},"19":{"name":"(anonymous_19)","decl":{"start":{"line":87,"column":9},"end":{"line":87,"column":10}},"loc":{"start":{"line":87,"column":21},"end":{"line":97,"column":3}},"line":87},"20":{"name":"(anonymous_20)","decl":{"start":{"line":91,"column":12},"end":{"line":91,"column":13}},"loc":{"start":{"line":91,"column":19},"end":{"line":91,"column":29}},"line":91},"21":{"name":"(anonymous_21)","decl":{"start":{"line":92,"column":12},"end":{"line":92,"column":13}},"loc":{"start":{"line":92,"column":21},"end":{"line":95,"column":7}},"line":92},"22":{"name":"(anonymous_22)","decl":{"start":{"line":96,"column":13},"end":{"line":96,"column":14}},"loc":{"start":{"line":96,"column":22},"end":{"line":96,"column":57}},"line":96},"23":{"name":"fetchMoviesByGenre","decl":{"start":{"line":100,"column":16},"end":{"line":100,"column":34}},"loc":{"start":{"line":100,"column":47},"end":{"line":114,"column":1}},"line":100},"24":{"name":"(anonymous_24)","decl":{"start":{"line":101,"column":9},"end":{"line":101,"column":10}},"loc":{"start":{"line":101,"column":21},"end":{"line":113,"column":3}},"line":101},"25":{"name":"(anonymous_25)","decl":{"start":{"line":107,"column":12},"end":{"line":107,"column":13}},"loc":{"start":{"line":107,"column":19},"end":{"line":107,"column":29}},"line":107},"26":{"name":"(anonymous_26)","decl":{"start":{"line":108,"column":12},"end":{"line":108,"column":13}},"loc":{"start":{"line":108,"column":21},"end":{"line":111,"column":7}},"line":108},"27":{"name":"(anonymous_27)","decl":{"start":{"line":112,"column":13},"end":{"line":112,"column":14}},"loc":{"start":{"line":112,"column":22},"end":{"line":112,"column":57}},"line":112},"28":{"name":"fetchMovieInfo","decl":{"start":{"line":116,"column":16},"end":{"line":116,"column":30}},"loc":{"start":{"line":116,"column":40},"end":{"line":128,"column":1}},"line":116},"29":{"name":"(anonymous_29)","decl":{"start":{"line":117,"column":9},"end":{"line":117,"column":10}},"loc":{"start":{"line":117,"column":21},"end":{"line":127,"column":3}},"line":117},"30":{"name":"(anonymous_30)","decl":{"start":{"line":121,"column":12},"end":{"line":121,"column":13}},"loc":{"start":{"line":121,"column":19},"end":{"line":121,"column":29}},"line":121},"31":{"name":"(anonymous_31)","decl":{"start":{"line":122,"column":12},"end":{"line":122,"column":13}},"loc":{"start":{"line":122,"column":21},"end":{"line":125,"column":7}},"line":122},"32":{"name":"(anonymous_32)","decl":{"start":{"line":126,"column":13},"end":{"line":126,"column":14}},"loc":{"start":{"line":126,"column":22},"end":{"line":126,"column":57}},"line":126},"33":{"name":"handleErrors","decl":{"start":{"line":130,"column":9},"end":{"line":130,"column":21}},"loc":{"start":{"line":130,"column":32},"end":{"line":135,"column":1}},"line":130}},"branchMap":{"0":{"loc":{"start":{"line":131,"column":2},"end":{"line":133,"column":3}},"type":"if","locations":[{"start":{"line":131,"column":2},"end":{"line":133,"column":3}},{"start":{"line":131,"column":2},"end":{"line":133,"column":3}}],"line":131}},"s":{"0":2,"1":2,"2":2,"3":2,"4":2,"5":2,"6":2,"7":2,"8":2,"9":2,"10":2,"11":2,"12":2,"13":2,"14":2,"15":2,"16":2,"17":1,"18":2,"19":1,"20":2,"21":0,"22":2,"23":0,"24":2,"25":0,"26":2,"27":0,"28":2,"29":0,"30":2,"31":0,"32":0,"33":0,"34":0,"35":0,"36":0,"37":0,"38":0,"39":0,"40":0,"41":0,"42":0,"43":0,"44":0,"45":0,"46":0,"47":0,"48":0,"49":0,"50":0,"51":0,"52":0,"53":0,"54":0,"55":0,"56":0,"57":0,"58":0,"59":0,"60":0,"61":0,"62":0,"63":0,"64":0,"65":0,"66":0,"67":0,"68":0,"69":0},"f":{"0":1,"1":1,"2":0,"3":0,"4":0,"5":0,"6":0,"7":0,"8":0,"9":0,"10":0,"11":0,"12":0,"13":0,"14":0,"15":0,"16":0,"17":0,"18":0,"19":0,"20":0,"21":0,"22":0,"23":0,"24":0,"25":0,"26":0,"27":0,"28":0,"29":0,"30":0,"31":0,"32":0,"33":0},"b":{"0":[0,0]},"_coverageSchema":"332fd63041d2c1bcb487cc26dd0d5f7d97098a6c","hash":"d012e59cd0df57c33ad365bb42b7a02f8f4ffc69"}
,"C:\\Users\\barte\\Downloads\\movies-app-master\\src\\assets\\images\\images.js": {"path":"C:\\Users\\barte\\Downloads\\movies-app-master\\src\\assets\\images\\images.js","statementMap":{"0":{"start":{"line":1,"column":24},"end":{"line":6,"column":1}}},"fnMap":{},"branchMap":{},"s":{"0":1},"f":{},"b":{},"_coverageSchema":"332fd63041d2c1bcb487cc26dd0d5f7d97098a6c","hash":"edbf0871e566498d6191235f93bd40c6e622b14e"}
,"C:\\Users\\barte\\Downloads\\movies-app-master\\src\\components\\atoms\\StyledAppName\\StyledAppName.js": {"path":"C:\\Users\\barte\\Downloads\\movies-app-master\\src\\components\\atoms\\StyledAppName\\StyledAppName.js","statementMap":{"0":{"start":{"line":6,"column":22},"end":{"line":14,"column":1}},"1":{"start":{"line":16,"column":15},"end":{"line":18,"column":1}},"2":{"start":{"line":17,"column":2},"end":{"line":17,"column":66}}},"fnMap":{"0":{"name":"(anonymous_0)","decl":{"start":{"line":16,"column":15},"end":{"line":16,"column":16}},"loc":{"start":{"line":17,"column":2},"end":{"line":17,"column":66}},"line":17}},"branchMap":{},"s":{"0":1,"1":1,"2":0},"f":{"0":0},"b":{},"_coverageSchema":"332fd63041d2c1bcb487cc26dd0d5f7d97098a6c","hash":"29f9cef7be517af52eb6c91736af224248253806"}
,"C:\\Users\\barte\\Downloads\\movies-app-master\\src\\components\\atoms\\StyledButton\\Button.stories.js": {"path":"C:\\Users\\barte\\Downloads\\movies-app-master\\src\\components\\atoms\\StyledButton\\Button.stories.js","statementMap":{"0":{"start":{"line":1,"column":0},"end":{"line":null,"column":-1}},"1":{"start":{"line":2,"column":0},"end":{"line":null,"column":-1}},"2":{"start":{"line":3,"column":0},"end":{"line":null,"column":-1}},"3":{"start":{"line":5,"column":0},"end":{"line":null,"column":-1}},"4":{"start":{"line":6,"column":24},"end":{"line":5,"column":0}},"5":{"start":{"line":7,"column":26},"end":{"line":5,"column":0}}},"fnMap":{"0":{"name":"(anonymous_0)","decl":{"start":{"line":6,"column":18},"end":{"line":6,"column":23}},"loc":{"start":{"line":6,"column":24},"end":{"line":5,"column":0}}},"1":{"name":"(anonymous_1)","decl":{"start":{"line":7,"column":20},"end":{"line":7,"column":25}},"loc":{"start":{"line":7,"column":26},"end":{"line":5,"column":0}}}},"branchMap":{},"s":{"0":0,"1":0,"2":0,"3":0,"4":0,"5":0},"f":{"0":0,"1":0},"b":{}}
,"C:\\Users\\barte\\Downloads\\movies-app-master\\src\\components\\atoms\\StyledButton\\StyledButton.js": {"path":"C:\\Users\\barte\\Downloads\\movies-app-master\\src\\components\\atoms\\StyledButton\\StyledButton.js","statementMap":{"0":{"start":{"line":3,"column":28},"end":{"line":25,"column":1}},"1":{"start":{"line":4,"column":36},"end":{"line":4,"column":69}},"2":{"start":{"line":5,"column":40},"end":{"line":5,"column":71}},"3":{"start":{"line":18,"column":23},"end":{"line":23,"column":3}}},"fnMap":{"0":{"name":"(anonymous_0)","decl":{"start":{"line":4,"column":13},"end":{"line":4,"column":14}},"loc":{"start":{"line":4,"column":36},"end":{"line":4,"column":69}},"line":4},"1":{"name":"(anonymous_1)","decl":{"start":{"line":5,"column":22},"end":{"line":5,"column":23}},"loc":{"start":{"line":5,"column":40},"end":{"line":5,"column":71}},"line":5},"2":{"name":"(anonymous_2)","decl":{"start":{"line":18,"column":4},"end":{"line":18,"column":5}},"loc":{"start":{"line":18,"column":23},"end":{"line":23,"column":3}},"line":18}},"branchMap":{"0":{"loc":{"start":{"line":4,"column":36},"end":{"line":4,"column":69}},"type":"cond-expr","locations":[{"start":{"line":4,"column":51},"end":{"line":4,"column":58}},{"start":{"line":4,"column":61},"end":{"line":4,"column":69}}],"line":4},"1":{"loc":{"start":{"line":5,"column":40},"end":{"line":5,"column":71}},"type":"cond-expr","locations":[{"start":{"line":5,"column":50},"end":{"line":5,"column":59}},{"start":{"line":5,"column":62},"end":{"line":5,"column":71}}],"line":5},"2":{"loc":{"start":{"line":18,"column":23},"end":{"line":23,"column":3}},"type":"binary-expr","locations":[{"start":{"line":18,"column":23},"end":{"line":18,"column":32}},{"start":{"line":18,"column":36},"end":{"line":23,"column":3}}],"line":18}},"s":{"0":1,"1":0,"2":0,"3":0},"f":{"0":0,"1":0,"2":0},"b":{"0":[0,0],"1":[0,0],"2":[0,0]},"_coverageSchema":"332fd63041d2c1bcb487cc26dd0d5f7d97098a6c","hash":"439d5e7b9cccbf6e0ad66a5454539c3deeff7639"}
,"C:\\Users\\barte\\Downloads\\movies-app-master\\src\\components\\atoms\\StyledH1\\StyledH1.js": {"path":"C:\\Users\\barte\\Downloads\\movies-app-master\\src\\components\\atoms\\StyledH1\\StyledH1.js","statementMap":{"0":{"start":{"line":3,"column":24},"end":{"line":19,"column":1}},"1":{"start":{"line":6,"column":19},"end":{"line":17,"column":3}}},"fnMap":{"0":{"name":"(anonymous_0)","decl":{"start":{"line":6,"column":4},"end":{"line":6,"column":5}},"loc":{"start":{"line":6,"column":19},"end":{"line":17,"column":3}},"line":6}},"branchMap":{"0":{"loc":{"start":{"line":6,"column":19},"end":{"line":17,"column":3}},"type":"binary-expr","locations":[{"start":{"line":6,"column":19},"end":{"line":6,"column":24}},{"start":{"line":6,"column":28},"end":{"line":17,"column":3}}],"line":6}},"s":{"0":1,"1":0},"f":{"0":0},"b":{"0":[0,0]},"_coverageSchema":"332fd63041d2c1bcb487cc26dd0d5f7d97098a6c","hash":"5dad0fd7158ab88fe361fd1626a78bc4422bdbc4"}
,"C:\\Users\\barte\\Downloads\\movies-app-master\\src\\components\\atoms\\StyledH1\\StyledH1.stories.js": {"path":"C:\\Users\\barte\\Downloads\\movies-app-master\\src\\components\\atoms\\StyledH1\\StyledH1.stories.js","statementMap":{"0":{"start":{"line":1,"column":0},"end":{"line":null,"column":-1}},"1":{"start":{"line":2,"column":0},"end":{"line":null,"column":-1}},"2":{"start":{"line":3,"column":0},"end":{"line":null,"column":-1}},"3":{"start":{"line":5,"column":0},"end":{"line":null,"column":-1}},"4":{"start":{"line":6,"column":24},"end":{"line":5,"column":0}},"5":{"start":{"line":7,"column":26},"end":{"line":5,"column":0}}},"fnMap":{"0":{"name":"(anonymous_0)","decl":{"start":{"line":6,"column":18},"end":{"line":6,"column":23}},"loc":{"start":{"line":6,"column":24},"end":{"line":5,"column":0}}},"1":{"name":"(anonymous_1)","decl":{"start":{"line":7,"column":20},"end":{"line":7,"column":25}},"loc":{"start":{"line":7,"column":26},"end":{"line":5,"column":0}}}},"branchMap":{},"s":{"0":0,"1":0,"2":0,"3":0,"4":0,"5":0},"f":{"0":0,"1":0},"b":{}}
,"C:\\Users\\barte\\Downloads\\movies-app-master\\src\\components\\atoms\\StyledImg\\StyledImg.js": {"path":"C:\\Users\\barte\\Downloads\\movies-app-master\\src\\components\\atoms\\StyledImg\\StyledImg.js","statementMap":{"0":{"start":{"line":3,"column":25},"end":{"line":15,"column":1}},"1":{"start":{"line":9,"column":24},"end":{"line":9,"column":58}},"2":{"start":{"line":11,"column":24},"end":{"line":11,"column":57}},"3":{"start":{"line":13,"column":18},"end":{"line":13,"column":59}}},"fnMap":{"0":{"name":"(anonymous_0)","decl":{"start":{"line":9,"column":4},"end":{"line":9,"column":5}},"loc":{"start":{"line":9,"column":24},"end":{"line":9,"column":58}},"line":9},"1":{"name":"(anonymous_1)","decl":{"start":{"line":11,"column":4},"end":{"line":11,"column":5}},"loc":{"start":{"line":11,"column":24},"end":{"line":11,"column":57}},"line":11},"2":{"name":"(anonymous_2)","decl":{"start":{"line":13,"column":4},"end":{"line":13,"column":5}},"loc":{"start":{"line":13,"column":18},"end":{"line":13,"column":59}},"line":13}},"branchMap":{"0":{"loc":{"start":{"line":9,"column":24},"end":{"line":9,"column":58}},"type":"binary-expr","locations":[{"start":{"line":9,"column":24},"end":{"line":9,"column":34}},{"start":{"line":9,"column":38},"end":{"line":9,"column":58}}],"line":9},"1":{"loc":{"start":{"line":11,"column":24},"end":{"line":11,"column":57}},"type":"binary-expr","locations":[{"start":{"line":11,"column":24},"end":{"line":11,"column":33}},{"start":{"line":11,"column":37},"end":{"line":11,"column":57}}],"line":11},"2":{"loc":{"start":{"line":13,"column":18},"end":{"line":13,"column":59}},"type":"binary-expr","locations":[{"start":{"line":13,"column":18},"end":{"line":13,"column":22}},{"start":{"line":13,"column":26},"end":{"line":13,"column":59}}],"line":13}},"s":{"0":1,"1":0,"2":0,"3":0},"f":{"0":0,"1":0,"2":0},"b":{"0":[0,0],"1":[0,0],"2":[0,0]},"_coverageSchema":"332fd63041d2c1bcb487cc26dd0d5f7d97098a6c","hash":"e468686d81341cdb8fb33b67804004d6d72675e4"}
,"C:\\Users\\barte\\Downloads\\movies-app-master\\src\\components\\atoms\\StyledLinksSection\\StyledLinksSection.js": {"path":"C:\\Users\\barte\\Downloads\\movies-app-master\\src\\components\\atoms\\StyledLinksSection\\StyledLinksSection.js","statementMap":{"0":{"start":{"line":3,"column":34},"end":{"line":20,"column":1}}},"fnMap":{},"branchMap":{},"s":{"0":1},"f":{},"b":{},"_coverageSchema":"332fd63041d2c1bcb487cc26dd0d5f7d97098a6c","hash":"6b0d459ea6eb21446604f0d716189a90b270edeb"}
,"C:\\Users\\barte\\Downloads\\movies-app-master\\src\\components\\atoms\\StyledNavLink\\StyledNavLink.js": {"path":"C:\\Users\\barte\\Downloads\\movies-app-master\\src\\components\\atoms\\StyledNavLink\\StyledNavLink.js","statementMap":{"0":{"start":{"line":4,"column":29},"end":{"line":19,"column":1}}},"fnMap":{},"branchMap":{},"s":{"0":1},"f":{},"b":{},"_coverageSchema":"332fd63041d2c1bcb487cc26dd0d5f7d97098a6c","hash":"6efa3d5122c1ae589d4e9ac6ece84ecb3ad9c784"}
,"C:\\Users\\barte\\Downloads\\movies-app-master\\src\\components\\atoms\\StyledSpan\\StyledSpan.js": {"path":"C:\\Users\\barte\\Downloads\\movies-app-master\\src\\components\\atoms\\StyledSpan\\StyledSpan.js","statementMap":{"0":{"start":{"line":3,"column":26},"end":{"line":3,"column":56}}},"fnMap":{},"branchMap":{},"s":{"0":1},"f":{},"b":{},"_coverageSchema":"332fd63041d2c1bcb487cc26dd0d5f7d97098a6c","hash":"5027ccd300b35d3bedbd2a7ca1c3112f7abff2d5"}
,"C:\\Users\\barte\\Downloads\\movies-app-master\\src\\components\\atoms\\StyledWrapper\\StyledWrapper.js": {"path":"C:\\Users\\barte\\Downloads\\movies-app-master\\src\\components\\atoms\\StyledWrapper\\StyledWrapper.js","statementMap":{"0":{"start":{"line":3,"column":29},"end":{"line":14,"column":1}},"1":{"start":{"line":10,"column":4},"end":{"line":13,"column":3}}},"fnMap":{"0":{"name":"(anonymous_0)","decl":{"start":{"line":9,"column":4},"end":{"line":9,"column":5}},"loc":{"start":{"line":10,"column":4},"end":{"line":13,"column":3}},"line":10}},"branchMap":{"0":{"loc":{"start":{"line":10,"column":4},"end":{"line":13,"column":3}},"type":"binary-expr","locations":[{"start":{"line":10,"column":4},"end":{"line":10,"column":24}},{"start":{"line":10,"column":28},"end":{"line":13,"column":3}}],"line":10}},"s":{"0":1,"1":0},"f":{"0":0},"b":{"0":[0,0]},"_coverageSchema":"332fd63041d2c1bcb487cc26dd0d5f7d97098a6c","hash":"61ccff9260b36428c96363671fdcb6b8678cd069"}
,"C:\\Users\\barte\\Downloads\\movies-app-master\\src\\components\\atoms\\StyledWrapper\\StyledWrapper.stories.js": {"path":"C:\\Users\\barte\\Downloads\\movies-app-master\\src\\components\\atoms\\StyledWrapper\\StyledWrapper.stories.js","statementMap":{"0":{"start":{"line":1,"column":0},"end":{"line":null,"column":-1}},"1":{"start":{"line":2,"column":0},"end":{"line":null,"column":-1}},"2":{"start":{"line":3,"column":0},"end":{"line":null,"column":-1}},"3":{"start":{"line":5,"column":0},"end":{"line":null,"column":-1}},"4":{"start":{"line":6,"column":24},"end":{"line":5,"column":0}},"5":{"start":{"line":8,"column":4},"end":{"line":5,"column":0}}},"fnMap":{"0":{"name":"(anonymous_0)","decl":{"start":{"line":6,"column":18},"end":{"line":6,"column":23}},"loc":{"start":{"line":6,"column":24},"end":{"line":5,"column":0}}},"1":{"name":"(anonymous_1)","decl":{"start":{"line":7,"column":20},"end":{"line":8,"column":3}},"loc":{"start":{"line":8,"column":4},"end":{"line":5,"column":0}}}},"branchMap":{},"s":{"0":0,"1":0,"2":0,"3":0,"4":0,"5":0},"f":{"0":0,"1":0},"b":{}}
,"C:\\Users\\barte\\Downloads\\movies-app-master\\src\\components\\organisms\\About\\About.js": {"path":"C:\\Users\\barte\\Downloads\\movies-app-master\\src\\components\\organisms\\About\\About.js","statementMap":{"0":{"start":{"line":6,"column":14},"end":{"line":80,"column":1}},"1":{"start":{"line":7,"column":2},"end":{"line":79,"column":18}}},"fnMap":{"0":{"name":"(anonymous_0)","decl":{"start":{"line":6,"column":14},"end":{"line":6,"column":15}},"loc":{"start":{"line":7,"column":2},"end":{"line":79,"column":18}},"line":7}},"branchMap":{},"s":{"0":1,"1":0},"f":{"0":0},"b":{},"_coverageSchema":"332fd63041d2c1bcb487cc26dd0d5f7d97098a6c","hash":"84eaefdd5d21ba791d97bfe4ae595396c7a9f40b"}
,"C:\\Users\\barte\\Downloads\\movies-app-master\\src\\components\\organisms\\Card\\Card.js": {"path":"C:\\Users\\barte\\Downloads\\movies-app-master\\src\\components\\organisms\\Card\\Card.js","statementMap":{"0":{"start":{"line":11,"column":13},"end":{"line":41,"column":1}},"1":{"start":{"line":12,"column":2},"end":{"line":40,"column":18}},"2":{"start":{"line":19,"column":8},"end":{"line":25,"column":9}},"3":{"start":{"line":20,"column":10},"end":{"line":20,"column":78}},"4":{"start":{"line":21,"column":15},"end":{"line":25,"column":9}},"5":{"start":{"line":22,"column":10},"end":{"line":22,"column":76}},"6":{"start":{"line":24,"column":10},"end":{"line":24,"column":40}},"7":{"start":{"line":36,"column":21},"end":{"line":36,"column":55}},"8":{"start":{"line":43,"column":24},"end":{"line":45,"column":2}},"9":{"start":{"line":43,"column":34},"end":{"line":45,"column":1}}},"fnMap":{"0":{"name":"(anonymous_0)","decl":{"start":{"line":11,"column":13},"end":{"line":11,"column":14}},"loc":{"start":{"line":12,"column":2},"end":{"line":40,"column":18}},"line":12},"1":{"name":"(anonymous_1)","decl":{"start":{"line":18,"column":12},"end":{"line":18,"column":13}},"loc":{"start":{"line":18,"column":18},"end":{"line":26,"column":7}},"line":18},"2":{"name":"(anonymous_2)","decl":{"start":{"line":36,"column":15},"end":{"line":36,"column":16}},"loc":{"start":{"line":36,"column":21},"end":{"line":36,"column":55}},"line":36},"3":{"name":"(anonymous_3)","decl":{"start":{"line":43,"column":24},"end":{"line":43,"column":25}},"loc":{"start":{"line":43,"column":34},"end":{"line":45,"column":1}},"line":43}},"branchMap":{"0":{"loc":{"start":{"line":19,"column":8},"end":{"line":25,"column":9}},"type":"if","locations":[{"start":{"line":19,"column":8},"end":{"line":25,"column":9}},{"start":{"line":19,"column":8},"end":{"line":25,"column":9}}],"line":19},"1":{"loc":{"start":{"line":21,"column":15},"end":{"line":25,"column":9}},"type":"if","locations":[{"start":{"line":21,"column":15},"end":{"line":25,"column":9}},{"start":{"line":21,"column":15},"end":{"line":25,"column":9}}],"line":21}},"s":{"0":1,"1":0,"2":0,"3":0,"4":0,"5":0,"6":0,"7":0,"8":1,"9":0},"f":{"0":0,"1":0,"2":0,"3":0},"b":{"0":[0,0],"1":[0,0]},"_coverageSchema":"332fd63041d2c1bcb487cc26dd0d5f7d97098a6c","hash":"7fe2bf29e8212f979c650fe9377305e3e3058dd3"}
,"C:\\Users\\barte\\Downloads\\movies-app-master\\src\\components\\organisms\\Contact\\Contact.js": {"path":"C:\\Users\\barte\\Downloads\\movies-app-master\\src\\components\\organisms\\Contact\\Contact.js","statementMap":{"0":{"start":{"line":7,"column":26},"end":{"line":29,"column":1}},"1":{"start":{"line":31,"column":16},"end":{"line":130,"column":1}},"2":{"start":{"line":32,"column":2},"end":{"line":129,"column":18}},"3":{"start":{"line":36,"column":21},"end":{"line":36,"column":23}},"4":{"start":{"line":38,"column":8},"end":{"line":38,"column":63}},"5":{"start":{"line":38,"column":28},"end":{"line":38,"column":61}},"6":{"start":{"line":40,"column":8},"end":{"line":44,"column":9}},"7":{"start":{"line":41,"column":10},"end":{"line":41,"column":46}},"8":{"start":{"line":42,"column":15},"end":{"line":44,"column":9}},"9":{"start":{"line":43,"column":10},"end":{"line":43,"column":49}},"10":{"start":{"line":46,"column":8},"end":{"line":46,"column":72}},"11":{"start":{"line":46,"column":31},"end":{"line":46,"column":70}},"12":{"start":{"line":48,"column":8},"end":{"line":48,"column":75}},"13":{"start":{"line":48,"column":32},"end":{"line":48,"column":73}},"14":{"start":{"line":50,"column":8},"end":{"line":50,"column":22}},"15":{"start":{"line":53,"column":8},"end":{"line":53,"column":28}},"16":{"start":{"line":54,"column":8},"end":{"line":54,"column":47}},"17":{"start":{"line":55,"column":8},"end":{"line":55,"column":28}},"18":{"start":{"line":67,"column":8},"end":{"line":126,"column":15}}},"fnMap":{"0":{"name":"(anonymous_0)","decl":{"start":{"line":31,"column":16},"end":{"line":31,"column":17}},"loc":{"start":{"line":32,"column":2},"end":{"line":129,"column":18}},"line":32},"1":{"name":"(anonymous_1)","decl":{"start":{"line":35,"column":16},"end":{"line":35,"column":17}},"loc":{"start":{"line":35,"column":26},"end":{"line":51,"column":7}},"line":35},"2":{"name":"(anonymous_2)","decl":{"start":{"line":52,"column":16},"end":{"line":52,"column":17}},"loc":{"start":{"line":52,"column":47},"end":{"line":56,"column":7}},"line":52},"3":{"name":"(anonymous_3)","decl":{"start":{"line":58,"column":7},"end":{"line":58,"column":8}},"loc":{"start":{"line":67,"column":8},"end":{"line":126,"column":15}},"line":67}},"branchMap":{"0":{"loc":{"start":{"line":38,"column":8},"end":{"line":38,"column":63}},"type":"if","locations":[{"start":{"line":38,"column":8},"end":{"line":38,"column":63}},{"start":{"line":38,"column":8},"end":{"line":38,"column":63}}],"line":38},"1":{"loc":{"start":{"line":40,"column":8},"end":{"line":44,"column":9}},"type":"if","locations":[{"start":{"line":40,"column":8},"end":{"line":44,"column":9}},{"start":{"line":40,"column":8},"end":{"line":44,"column":9}}],"line":40},"2":{"loc":{"start":{"line":42,"column":15},"end":{"line":44,"column":9}},"type":"if","locations":[{"start":{"line":42,"column":15},"end":{"line":44,"column":9}},{"start":{"line":42,"column":15},"end":{"line":44,"column":9}}],"line":42},"3":{"loc":{"start":{"line":46,"column":8},"end":{"line":46,"column":72}},"type":"if","locations":[{"start":{"line":46,"column":8},"end":{"line":46,"column":72}},{"start":{"line":46,"column":8},"end":{"line":46,"column":72}}],"line":46},"4":{"loc":{"start":{"line":48,"column":8},"end":{"line":48,"column":75}},"type":"if","locations":[{"start":{"line":48,"column":8},"end":{"line":48,"column":75}},{"start":{"line":48,"column":8},"end":{"line":48,"column":75}}],"line":48},"5":{"loc":{"start":{"line":80,"column":27},"end":{"line":80,"column":69}},"type":"binary-expr","locations":[{"start":{"line":80,"column":27},"end":{"line":80,"column":38}},{"start":{"line":80,"column":42},"end":{"line":80,"column":54}},{"start":{"line":80,"column":58},"end":{"line":80,"column":69}}],"line":80},"6":{"loc":{"start":{"line":92,"column":27},"end":{"line":92,"column":72}},"type":"binary-expr","locations":[{"start":{"line":92,"column":27},"end":{"line":92,"column":39}},{"start":{"line":92,"column":43},"end":{"line":92,"column":56}},{"start":{"line":92,"column":60},"end":{"line":92,"column":72}}],"line":92},"7":{"loc":{"start":{"line":95,"column":14},"end":{"line":97,"column":41}},"type":"binary-expr","locations":[{"start":{"line":95,"column":14},"end":{"line":95,"column":54}},{"start":{"line":96,"column":14},"end":{"line":96,"column":27}},{"start":{"line":97,"column":15},"end":{"line":97,"column":40}}],"line":95},"8":{"loc":{"start":{"line":109,"column":27},"end":{"line":109,"column":78}},"type":"binary-expr","locations":[{"start":{"line":109,"column":27},"end":{"line":109,"column":41}},{"start":{"line":109,"column":45},"end":{"line":109,"column":60}},{"start":{"line":109,"column":64},"end":{"line":109,"column":78}}],"line":109},"9":{"loc":{"start":{"line":121,"column":28},"end":{"line":121,"column":82}},"type":"binary-expr","locations":[{"start":{"line":121,"column":28},"end":{"line":121,"column":43}},{"start":{"line":121,"column":47},"end":{"line":121,"column":63}},{"start":{"line":121,"column":67},"end":{"line":121,"column":82}}],"line":121}},"s":{"0":1,"1":1,"2":0,"3":0,"4":0,"5":0,"6":0,"7":0,"8":0,"9":0,"10":0,"11":0,"12":0,"13":0,"14":0,"15":0,"16":0,"17":0,"18":0},"f":{"0":0,"1":0,"2":0,"3":0},"b":{"0":[0,0],"1":[0,0],"2":[0,0],"3":[0,0],"4":[0,0],"5":[0,0,0],"6":[0,0,0],"7":[0,0,0],"8":[0,0,0],"9":[0,0,0]},"_coverageSchema":"332fd63041d2c1bcb487cc26dd0d5f7d97098a6c","hash":"3a4665c77407fabfe4473509eb4921f6c7888ea0"}
,"C:\\Users\\barte\\Downloads\\movies-app-master\\src\\components\\organisms\\Container\\Container.js": {"path":"C:\\Users\\barte\\Downloads\\movies-app-master\\src\\components\\organisms\\Container\\Container.js","statementMap":{"0":{"start":{"line":13,"column":31},"end":{"line":18,"column":1}},"1":{"start":{"line":20,"column":22},"end":{"line":59,"column":1}},"2":{"start":{"line":61,"column":24},"end":{"line":76,"column":1}},"3":{"start":{"line":79,"column":24},"end":{"line":79,"column":68}},"4":{"start":{"line":82,"column":45},"end":{"line":82,"column":55}},"5":{"start":{"line":84,"column":4},"end":{"line":126,"column":6}},"6":{"start":{"line":90,"column":12},"end":{"line":121,"column":28}},"7":{"start":{"line":93,"column":31},"end":{"line":93,"column":65}},"8":{"start":{"line":97,"column":20},"end":{"line":107,"column":21}},"9":{"start":{"line":98,"column":22},"end":{"line":100,"column":25}},"10":{"start":{"line":101,"column":27},"end":{"line":107,"column":21}},"11":{"start":{"line":102,"column":22},"end":{"line":104,"column":25}},"12":{"start":{"line":106,"column":22},"end":{"line":106,"column":52}},"13":{"start":{"line":114,"column":31},"end":{"line":114,"column":65}},"14":{"start":{"line":130,"column":24},"end":{"line":132,"column":2}},"15":{"start":{"line":130,"column":34},"end":{"line":132,"column":1}}},"fnMap":{"0":{"name":"(anonymous_0)","decl":{"start":{"line":79,"column":2},"end":{"line":79,"column":3}},"loc":{"start":{"line":79,"column":22},"end":{"line":79,"column":70}},"line":79},"1":{"name":"(anonymous_1)","decl":{"start":{"line":81,"column":2},"end":{"line":81,"column":3}},"loc":{"start":{"line":81,"column":11},"end":{"line":127,"column":3}},"line":81},"2":{"name":"(anonymous_2)","decl":{"start":{"line":89,"column":46},"end":{"line":89,"column":47}},"loc":{"start":{"line":90,"column":12},"end":{"line":121,"column":28}},"line":90},"3":{"name":"(anonymous_3)","decl":{"start":{"line":93,"column":25},"end":{"line":93,"column":26}},"loc":{"start":{"line":93,"column":31},"end":{"line":93,"column":65}},"line":93},"4":{"name":"(anonymous_4)","decl":{"start":{"line":96,"column":24},"end":{"line":96,"column":25}},"loc":{"start":{"line":96,"column":30},"end":{"line":108,"column":19}},"line":96},"5":{"name":"(anonymous_5)","decl":{"start":{"line":114,"column":25},"end":{"line":114,"column":26}},"loc":{"start":{"line":114,"column":31},"end":{"line":114,"column":65}},"line":114},"6":{"name":"(anonymous_6)","decl":{"start":{"line":130,"column":24},"end":{"line":130,"column":25}},"loc":{"start":{"line":130,"column":34},"end":{"line":132,"column":1}},"line":130}},"branchMap":{"0":{"loc":{"start":{"line":97,"column":20},"end":{"line":107,"column":21}},"type":"if","locations":[{"start":{"line":97,"column":20},"end":{"line":107,"column":21}},{"start":{"line":97,"column":20},"end":{"line":107,"column":21}}],"line":97},"1":{"loc":{"start":{"line":101,"column":27},"end":{"line":107,"column":21}},"type":"if","locations":[{"start":{"line":101,"column":27},"end":{"line":107,"column":21}},{"start":{"line":101,"column":27},"end":{"line":107,"column":21}}],"line":101},"2":{"loc":{"start":{"line":118,"column":19},"end":{"line":118,"column":72}},"type":"binary-expr","locations":[{"start":{"line":118,"column":19},"end":{"line":118,"column":30}},{"start":{"line":118,"column":34},"end":{"line":118,"column":72}}],"line":118}},"s":{"0":1,"1":1,"2":1,"3":0,"4":0,"5":0,"6":0,"7":0,"8":0,"9":0,"10":0,"11":0,"12":0,"13":0,"14":1,"15":0},"f":{"0":0,"1":0,"2":0,"3":0,"4":0,"5":0,"6":0},"b":{"0":[0,0],"1":[0,0],"2":[0,0]},"_coverageSchema":"332fd63041d2c1bcb487cc26dd0d5f7d97098a6c","hash":"2bacd10cf7b83b86266e23c4263481e6d64cf070"}
,"C:\\Users\\barte\\Downloads\\movies-app-master\\src\\components\\organisms\\Contest\\Contest.js": {"path":"C:\\Users\\barte\\Downloads\\movies-app-master\\src\\components\\organisms\\Contest\\Contest.js","statementMap":{"0":{"start":{"line":9,"column":12},"end":{"line":17,"column":1}},"1":{"start":{"line":21,"column":4},"end":{"line":21,"column":27}},"2":{"start":{"line":22,"column":4},"end":{"line":22,"column":49}},"3":{"start":{"line":25,"column":4},"end":{"line":25,"column":49}},"4":{"start":{"line":29,"column":4},"end":{"line":35,"column":5}},"5":{"start":{"line":30,"column":6},"end":{"line":34,"column":12}},"6":{"start":{"line":31,"column":8},"end":{"line":33,"column":27}},"7":{"start":{"line":32,"column":10},"end":{"line":32,"column":55}},"8":{"start":{"line":39,"column":4},"end":{"line":58,"column":6}}},"fnMap":{"0":{"name":"(anonymous_0)","decl":{"start":{"line":20,"column":2},"end":{"line":20,"column":3}},"loc":{"start":{"line":20,"column":22},"end":{"line":23,"column":3}},"line":20},"1":{"name":"(anonymous_1)","decl":{"start":{"line":24,"column":2},"end":{"line":24,"column":3}},"loc":{"start":{"line":24,"column":25},"end":{"line":26,"column":3}},"line":24},"2":{"name":"(anonymous_2)","decl":{"start":{"line":28,"column":15},"end":{"line":28,"column":16}},"loc":{"start":{"line":28,"column":24},"end":{"line":36,"column":3}},"line":28},"3":{"name":"(anonymous_3)","decl":{"start":{"line":30,"column":7},"end":{"line":30,"column":8}},"loc":{"start":{"line":30,"column":19},"end":{"line":34,"column":7}},"line":30},"4":{"name":"(anonymous_4)","decl":{"start":{"line":31,"column":19},"end":{"line":31,"column":20}},"loc":{"start":{"line":31,"column":30},"end":{"line":33,"column":9}},"line":31},"5":{"name":"(anonymous_5)","decl":{"start":{"line":38,"column":2},"end":{"line":38,"column":3}},"loc":{"start":{"line":38,"column":11},"end":{"line":59,"column":3}},"line":38}},"branchMap":{},"s":{"0":1,"1":0,"2":0,"3":0,"4":0,"5":0,"6":0,"7":0,"8":0},"f":{"0":0,"1":0,"2":0,"3":0,"4":0,"5":0},"b":{},"_coverageSchema":"332fd63041d2c1bcb487cc26dd0d5f7d97098a6c","hash":"77b838e85226b0aa589d38a5fba7d6a28f645ce2"}
,"C:\\Users\\barte\\Downloads\\movies-app-master\\src\\components\\organisms\\Footer\\Footer.js": {"path":"C:\\Users\\barte\\Downloads\\movies-app-master\\src\\components\\organisms\\Footer\\Footer.js","statementMap":{"0":{"start":{"line":5,"column":15},"end":{"line":51,"column":1}},"1":{"start":{"line":6,"column":2},"end":{"line":50,"column":11}}},"fnMap":{"0":{"name":"(anonymous_0)","decl":{"start":{"line":5,"column":15},"end":{"line":5,"column":16}},"loc":{"start":{"line":6,"column":2},"end":{"line":50,"column":11}},"line":6}},"branchMap":{},"s":{"0":1,"1":0},"f":{"0":0},"b":{},"_coverageSchema":"332fd63041d2c1bcb487cc26dd0d5f7d97098a6c","hash":"16ab313156a23417077c12667292975f33b88d81"}
,"C:\\Users\\barte\\Downloads\\movies-app-master\\src\\components\\organisms\\MovieDetails\\MovieDetails.js": {"path":"C:\\Users\\barte\\Downloads\\movies-app-master\\src\\components\\organisms\\MovieDetails\\MovieDetails.js","statementMap":{"0":{"start":{"line":9,"column":27},"end":{"line":56,"column":1}},"1":{"start":{"line":59,"column":22},"end":{"line":109,"column":1}},"2":{"start":{"line":60,"column":2},"end":{"line":108,"column":4}},"3":{"start":{"line":64,"column":10},"end":{"line":68,"column":51}},"4":{"start":{"line":65,"column":12},"end":{"line":65,"column":84}},"5":{"start":{"line":66,"column":17},"end":{"line":68,"column":51}},"6":{"start":{"line":67,"column":12},"end":{"line":67,"column":82}},"7":{"start":{"line":68,"column":19},"end":{"line":68,"column":49}},"8":{"start":{"line":111,"column":24},"end":{"line":113,"column":2}},"9":{"start":{"line":111,"column":34},"end":{"line":113,"column":1}}},"fnMap":{"0":{"name":"(anonymous_0)","decl":{"start":{"line":59,"column":22},"end":{"line":59,"column":23}},"loc":{"start":{"line":59,"column":41},"end":{"line":109,"column":1}},"line":59},"1":{"name":"(anonymous_1)","decl":{"start":{"line":63,"column":14},"end":{"line":63,"column":15}},"loc":{"start":{"line":63,"column":20},"end":{"line":69,"column":9}},"line":63},"2":{"name":"(anonymous_2)","decl":{"start":{"line":111,"column":24},"end":{"line":111,"column":25}},"loc":{"start":{"line":111,"column":34},"end":{"line":113,"column":1}},"line":111}},"branchMap":{"0":{"loc":{"start":{"line":64,"column":10},"end":{"line":68,"column":51}},"type":"if","locations":[{"start":{"line":64,"column":10},"end":{"line":68,"column":51}},{"start":{"line":64,"column":10},"end":{"line":68,"column":51}}],"line":64},"1":{"loc":{"start":{"line":66,"column":17},"end":{"line":68,"column":51}},"type":"if","locations":[{"start":{"line":66,"column":17},"end":{"line":68,"column":51}},{"start":{"line":66,"column":17},"end":{"line":68,"column":51}}],"line":66},"2":{"loc":{"start":{"line":72,"column":7},"end":{"line":105,"column":12}},"type":"binary-expr","locations":[{"start":{"line":72,"column":7},"end":{"line":72,"column":29}},{"start":{"line":73,"column":9},"end":{"line":105,"column":11}}],"line":72},"3":{"loc":{"start":{"line":97,"column":15},"end":{"line":102,"column":15}},"type":"binary-expr","locations":[{"start":{"line":97,"column":15},"end":{"line":97,"column":33}},{"start":{"line":98,"column":16},"end":{"line":101,"column":19}}],"line":97}},"s":{"0":1,"1":1,"2":0,"3":0,"4":0,"5":0,"6":0,"7":0,"8":1,"9":0},"f":{"0":0,"1":0,"2":0},"b":{"0":[0,0],"1":[0,0],"2":[0,0],"3":[0,0]},"_coverageSchema":"332fd63041d2c1bcb487cc26dd0d5f7d97098a6c","hash":"410523c8804df594803366718255644ae030e125"}
,"C:\\Users\\barte\\Downloads\\movies-app-master\\src\\components\\organisms\\NavBar\\NavBar.js": {"path":"C:\\Users\\barte\\Downloads\\movies-app-master\\src\\components\\organisms\\NavBar\\NavBar.js","statementMap":{"0":{"start":{"line":20,"column":28},"end":{"line":23,"column":1}},"1":{"start":{"line":31,"column":4},"end":{"line":31,"column":54}},"2":{"start":{"line":35,"column":4},"end":{"line":35,"column":23}},"3":{"start":{"line":36,"column":20},"end":{"line":36,"column":30}},"4":{"start":{"line":37,"column":32},"end":{"line":37,"column":42}},"5":{"start":{"line":39,"column":4},"end":{"line":45,"column":5}},"6":{"start":{"line":40,"column":6},"end":{"line":42,"column":70}},"7":{"start":{"line":43,"column":6},"end":{"line":43,"column":35}},"8":{"start":{"line":44,"column":6},"end":{"line":44,"column":13}},"9":{"start":{"line":47,"column":4},"end":{"line":49,"column":6}},"10":{"start":{"line":50,"column":4},"end":{"line":50,"column":33}},"11":{"start":{"line":54,"column":4},"end":{"line":54,"column":49}},"12":{"start":{"line":58,"column":41},"end":{"line":58,"column":51}},"13":{"start":{"line":59,"column":24},"end":{"line":68,"column":6}},"14":{"start":{"line":60,"column":6},"end":{"line":67,"column":25}},"15":{"start":{"line":64,"column":23},"end":{"line":64,"column":57}},"16":{"start":{"line":70,"column":27},"end":{"line":70,"column":52}},"17":{"start":{"line":72,"column":4},"end":{"line":119,"column":6}},"18":{"start":{"line":80,"column":29},"end":{"line":80,"column":65}},"19":{"start":{"line":123,"column":24},"end":{"line":127,"column":2}},"20":{"start":{"line":123,"column":34},"end":{"line":127,"column":1}}},"fnMap":{"0":{"name":"(anonymous_0)","decl":{"start":{"line":30,"column":2},"end":{"line":30,"column":3}},"loc":{"start":{"line":30,"column":22},"end":{"line":32,"column":3}},"line":30},"1":{"name":"(anonymous_1)","decl":{"start":{"line":34,"column":17},"end":{"line":34,"column":18}},"loc":{"start":{"line":34,"column":22},"end":{"line":51,"column":3}},"line":34},"2":{"name":"(anonymous_2)","decl":{"start":{"line":53,"column":17},"end":{"line":53,"column":18}},"loc":{"start":{"line":53,"column":26},"end":{"line":55,"column":3}},"line":53},"3":{"name":"(anonymous_3)","decl":{"start":{"line":57,"column":2},"end":{"line":57,"column":3}},"loc":{"start":{"line":57,"column":11},"end":{"line":120,"column":3}},"line":57},"4":{"name":"(anonymous_4)","decl":{"start":{"line":59,"column":43},"end":{"line":59,"column":44}},"loc":{"start":{"line":60,"column":6},"end":{"line":67,"column":25}},"line":60},"5":{"name":"(anonymous_5)","decl":{"start":{"line":64,"column":17},"end":{"line":64,"column":18}},"loc":{"start":{"line":64,"column":23},"end":{"line":64,"column":57}},"line":64},"6":{"name":"(anonymous_6)","decl":{"start":{"line":80,"column":23},"end":{"line":80,"column":24}},"loc":{"start":{"line":80,"column":29},"end":{"line":80,"column":65}},"line":80},"7":{"name":"(anonymous_7)","decl":{"start":{"line":123,"column":24},"end":{"line":123,"column":25}},"loc":{"start":{"line":123,"column":34},"end":{"line":127,"column":1}},"line":123}},"branchMap":{"0":{"loc":{"start":{"line":39,"column":4},"end":{"line":45,"column":5}},"type":"if","locations":[{"start":{"line":39,"column":4},"end":{"line":45,"column":5}},{"start":{"line":39,"column":4},"end":{"line":45,"column":5}}],"line":39},"1":{"loc":{"start":{"line":40,"column":6},"end":{"line":42,"column":69}},"type":"cond-expr","locations":[{"start":{"line":41,"column":10},"end":{"line":41,"column":73}},{"start":{"line":42,"column":10},"end":{"line":42,"column":69}}],"line":40},"2":{"loc":{"start":{"line":86,"column":15},"end":{"line":86,"column":67}},"type":"cond-expr","locations":[{"start":{"line":86,"column":39},"end":{"line":86,"column":50}},{"start":{"line":86,"column":53},"end":{"line":86,"column":67}}],"line":86},"3":{"loc":{"start":{"line":105,"column":16},"end":{"line":107,"column":55}},"type":"cond-expr","locations":[{"start":{"line":106,"column":20},"end":{"line":106,"column":51}},{"start":{"line":107,"column":20},"end":{"line":107,"column":55}}],"line":105}},"s":{"0":1,"1":0,"2":0,"3":0,"4":0,"5":0,"6":0,"7":0,"8":0,"9":0,"10":0,"11":0,"12":0,"13":0,"14":0,"15":0,"16":0,"17":0,"18":0,"19":1,"20":0},"f":{"0":0,"1":0,"2":0,"3":0,"4":0,"5":0,"6":0,"7":0},"b":{"0":[0,0],"1":[0,0],"2":[0,0],"3":[0,0]},"_coverageSchema":"332fd63041d2c1bcb487cc26dd0d5f7d97098a6c","hash":"158e9592b89766cb539b36e1b4fafc282e3ef6d7"}
,"C:\\Users\\barte\\Downloads\\movies-app-master\\src\\components\\templates\\Main\\Aside.js": {"path":"C:\\Users\\barte\\Downloads\\movies-app-master\\src\\components\\templates\\Main\\Aside.js","statementMap":{"0":{"start":{"line":10,"column":27},"end":{"line":63,"column":1}},"1":{"start":{"line":65,"column":14},"end":{"line":118,"column":1}},"2":{"start":{"line":66,"column":2},"end":{"line":117,"column":23}},"3":{"start":{"line":93,"column":27},"end":{"line":93,"column":72}},"4":{"start":{"line":101,"column":27},"end":{"line":101,"column":74}},"5":{"start":{"line":109,"column":27},"end":{"line":109,"column":73}},"6":{"start":{"line":120,"column":24},"end":{"line":122,"column":2}},"7":{"start":{"line":120,"column":34},"end":{"line":122,"column":1}}},"fnMap":{"0":{"name":"(anonymous_0)","decl":{"start":{"line":65,"column":14},"end":{"line":65,"column":15}},"loc":{"start":{"line":66,"column":2},"end":{"line":117,"column":23}},"line":66},"1":{"name":"(anonymous_1)","decl":{"start":{"line":93,"column":21},"end":{"line":93,"column":22}},"loc":{"start":{"line":93,"column":27},"end":{"line":93,"column":72}},"line":93},"2":{"name":"(anonymous_2)","decl":{"start":{"line":101,"column":21},"end":{"line":101,"column":22}},"loc":{"start":{"line":101,"column":27},"end":{"line":101,"column":74}},"line":101},"3":{"name":"(anonymous_3)","decl":{"start":{"line":109,"column":21},"end":{"line":109,"column":22}},"loc":{"start":{"line":109,"column":27},"end":{"line":109,"column":73}},"line":109},"4":{"name":"(anonymous_4)","decl":{"start":{"line":120,"column":24},"end":{"line":120,"column":25}},"loc":{"start":{"line":120,"column":34},"end":{"line":122,"column":1}},"line":120}},"branchMap":{},"s":{"0":1,"1":1,"2":0,"3":0,"4":0,"5":0,"6":1,"7":0},"f":{"0":0,"1":0,"2":0,"3":0,"4":0},"b":{},"_coverageSchema":"332fd63041d2c1bcb487cc26dd0d5f7d97098a6c","hash":"ba660f02ecdd8ddddd735f449baa2953c6d76639"}
,"C:\\Users\\barte\\Downloads\\movies-app-master\\src\\components\\templates\\Main\\Main.js": {"path":"C:\\Users\\barte\\Downloads\\movies-app-master\\src\\components\\templates\\Main\\Main.js","statementMap":{"0":{"start":{"line":12,"column":4},"end":{"line":12,"column":62}},"1":{"start":{"line":16,"column":44},"end":{"line":16,"column":54}},"2":{"start":{"line":18,"column":4},"end":{"line":39,"column":6}},"3":{"start":{"line":24,"column":53},"end":{"line":24,"column":75}},"4":{"start":{"line":27,"column":27},"end":{"line":27,"column":57}},"5":{"start":{"line":43,"column":24},"end":{"line":46,"column":2}},"6":{"start":{"line":43,"column":34},"end":{"line":46,"column":1}}},"fnMap":{"0":{"name":"(anonymous_0)","decl":{"start":{"line":11,"column":2},"end":{"line":11,"column":3}},"loc":{"start":{"line":11,"column":22},"end":{"line":13,"column":3}},"line":11},"1":{"name":"(anonymous_1)","decl":{"start":{"line":15,"column":2},"end":{"line":15,"column":3}},"loc":{"start":{"line":15,"column":11},"end":{"line":40,"column":3}},"line":15},"2":{"name":"(anonymous_2)","decl":{"start":{"line":24,"column":42},"end":{"line":24,"column":43}},"loc":{"start":{"line":24,"column":53},"end":{"line":24,"column":75}},"line":24},"3":{"name":"(anonymous_3)","decl":{"start":{"line":27,"column":21},"end":{"line":27,"column":22}},"loc":{"start":{"line":27,"column":27},"end":{"line":27,"column":57}},"line":27},"4":{"name":"(anonymous_4)","decl":{"start":{"line":43,"column":24},"end":{"line":43,"column":25}},"loc":{"start":{"line":43,"column":34},"end":{"line":46,"column":1}},"line":43}},"branchMap":{},"s":{"0":0,"1":0,"2":0,"3":0,"4":0,"5":1,"6":0},"f":{"0":0,"1":0,"2":0,"3":0,"4":0},"b":{},"_coverageSchema":"332fd63041d2c1bcb487cc26dd0d5f7d97098a6c","hash":"7879da037796b5f520596c5eee8e5b0b6402a6d7"}
,"C:\\Users\\barte\\Downloads\\movies-app-master\\src\\components\\templates\\MoviesCards\\MoviesCards.js": {"path":"C:\\Users\\barte\\Downloads\\movies-app-master\\src\\components\\templates\\MoviesCards\\MoviesCards.js","statementMap":{"0":{"start":{"line":20,"column":20},"end":{"line":74,"column":1}},"1":{"start":{"line":21,"column":21},"end":{"line":21,"column":33}},"2":{"start":{"line":22,"column":2},"end":{"line":35,"column":4}},"3":{"start":{"line":24,"column":6},"end":{"line":28,"column":7}},"4":{"start":{"line":25,"column":8},"end":{"line":25,"column":35}},"5":{"start":{"line":27,"column":8},"end":{"line":27,"column":15}},"6":{"start":{"line":29,"column":6},"end":{"line":31,"column":61}},"7":{"start":{"line":30,"column":21},"end":{"line":30,"column":31}},"8":{"start":{"line":31,"column":23},"end":{"line":31,"column":59}},"9":{"start":{"line":37,"column":2},"end":{"line":73,"column":3}},"10":{"start":{"line":38,"column":4},"end":{"line":43,"column":6}},"11":{"start":{"line":44,"column":9},"end":{"line":73,"column":3}},"12":{"start":{"line":45,"column":4},"end":{"line":52,"column":6}},"13":{"start":{"line":54,"column":4},"end":{"line":72,"column":5}},"14":{"start":{"line":56,"column":31},"end":{"line":56,"column":53}},"15":{"start":{"line":59,"column":39},"end":{"line":59,"column":68}},"16":{"start":{"line":63,"column":39},"end":{"line":63,"column":64}},"17":{"start":{"line":67,"column":39},"end":{"line":67,"column":68}},"18":{"start":{"line":76,"column":24},"end":{"line":82,"column":2}},"19":{"start":{"line":76,"column":34},"end":{"line":82,"column":1}}},"fnMap":{"0":{"name":"(anonymous_0)","decl":{"start":{"line":20,"column":20},"end":{"line":20,"column":21}},"loc":{"start":{"line":20,"column":86},"end":{"line":74,"column":1}},"line":20},"1":{"name":"(anonymous_1)","decl":{"start":{"line":23,"column":4},"end":{"line":23,"column":5}},"loc":{"start":{"line":23,"column":10},"end":{"line":33,"column":5}},"line":23},"2":{"name":"(anonymous_2)","decl":{"start":{"line":30,"column":14},"end":{"line":30,"column":15}},"loc":{"start":{"line":30,"column":21},"end":{"line":30,"column":31}},"line":30},"3":{"name":"(anonymous_3)","decl":{"start":{"line":31,"column":14},"end":{"line":31,"column":15}},"loc":{"start":{"line":31,"column":23},"end":{"line":31,"column":59}},"line":31},"4":{"name":"(anonymous_4)","decl":{"start":{"line":56,"column":20},"end":{"line":56,"column":21}},"loc":{"start":{"line":56,"column":31},"end":{"line":56,"column":53}},"line":56},"5":{"name":"(anonymous_5)","decl":{"start":{"line":59,"column":33},"end":{"line":59,"column":34}},"loc":{"start":{"line":59,"column":39},"end":{"line":59,"column":68}},"line":59},"6":{"name":"(anonymous_6)","decl":{"start":{"line":63,"column":33},"end":{"line":63,"column":34}},"loc":{"start":{"line":63,"column":39},"end":{"line":63,"column":64}},"line":63},"7":{"name":"(anonymous_7)","decl":{"start":{"line":67,"column":33},"end":{"line":67,"column":34}},"loc":{"start":{"line":67,"column":39},"end":{"line":67,"column":68}},"line":67},"8":{"name":"(anonymous_8)","decl":{"start":{"line":76,"column":24},"end":{"line":76,"column":25}},"loc":{"start":{"line":76,"column":34},"end":{"line":82,"column":1}},"line":76}},"branchMap":{"0":{"loc":{"start":{"line":24,"column":6},"end":{"line":28,"column":7}},"type":"if","locations":[{"start":{"line":24,"column":6},"end":{"line":28,"column":7}},{"start":{"line":24,"column":6},"end":{"line":28,"column":7}}],"line":24},"1":{"loc":{"start":{"line":37,"column":2},"end":{"line":73,"column":3}},"type":"if","locations":[{"start":{"line":37,"column":2},"end":{"line":73,"column":3}},{"start":{"line":37,"column":2},"end":{"line":73,"column":3}}],"line":37},"2":{"loc":{"start":{"line":44,"column":9},"end":{"line":73,"column":3}},"type":"if","locations":[{"start":{"line":44,"column":9},"end":{"line":73,"column":3}},{"start":{"line":44,"column":9},"end":{"line":73,"column":3}}],"line":44}},"s":{"0":1,"1":0,"2":0,"3":0,"4":0,"5":0,"6":0,"7":0,"8":0,"9":0,"10":0,"11":0,"12":0,"13":0,"14":0,"15":0,"16":0,"17":0,"18":1,"19":0},"f":{"0":0,"1":0,"2":0,"3":0,"4":0,"5":0,"6":0,"7":0,"8":0},"b":{"0":[0,0],"1":[0,0],"2":[0,0]},"_coverageSchema":"332fd63041d2c1bcb487cc26dd0d5f7d97098a6c","hash":"734370d39948ad0287100acfeeb7646835fd668d"}
,"C:\\Users\\barte\\Downloads\\movies-app-master\\src\\reducers\\index.js": {"path":"C:\\Users\\barte\\Downloads\\movies-app-master\\src\\reducers\\index.js","statementMap":{"0":{"start":{"line":18,"column":21},"end":{"line":30,"column":1}},"1":{"start":{"line":32,"column":20},"end":{"line":116,"column":1}},"2":{"start":{"line":33,"column":2},"end":{"line":115,"column":3}},"3":{"start":{"line":35,"column":6},"end":{"line":39,"column":8}},"4":{"start":{"line":41,"column":6},"end":{"line":45,"column":8}},"5":{"start":{"line":47,"column":6},"end":{"line":53,"column":8}},"6":{"start":{"line":55,"column":6},"end":{"line":59,"column":8}},"7":{"start":{"line":61,"column":6},"end":{"line":65,"column":8}},"8":{"start":{"line":67,"column":6},"end":{"line":71,"column":8}},"9":{"start":{"line":73,"column":6},"end":{"line":77,"column":8}},"10":{"start":{"line":79,"column":6},"end":{"line":82,"column":8}},"11":{"start":{"line":84,"column":6},"end":{"line":87,"column":8}},"12":{"start":{"line":89,"column":6},"end":{"line":92,"column":8}},"13":{"start":{"line":94,"column":6},"end":{"line":97,"column":8}},"14":{"start":{"line":99,"column":6},"end":{"line":102,"column":8}},"15":{"start":{"line":104,"column":6},"end":{"line":107,"column":8}},"16":{"start":{"line":109,"column":6},"end":{"line":112,"column":8}},"17":{"start":{"line":114,"column":6},"end":{"line":114,"column":19}}},"fnMap":{"0":{"name":"(anonymous_0)","decl":{"start":{"line":32,"column":20},"end":{"line":32,"column":21}},"loc":{"start":{"line":32,"column":54},"end":{"line":116,"column":1}},"line":32}},"branchMap":{"0":{"loc":{"start":{"line":32,"column":21},"end":{"line":32,"column":41}},"type":"default-arg","locations":[{"start":{"line":32,"column":29},"end":{"line":32,"column":41}}],"line":32},"1":{"loc":{"start":{"line":33,"column":2},"end":{"line":115,"column":3}},"type":"switch","locations":[{"start":{"line":34,"column":4},"end":{"line":39,"column":8}},{"start":{"line":40,"column":4},"end":{"line":45,"column":8}},{"start":{"line":46,"column":4},"end":{"line":53,"column":8}},{"start":{"line":54,"column":4},"end":{"line":59,"column":8}},{"start":{"line":60,"column":4},"end":{"line":65,"column":8}},{"start":{"line":66,"column":4},"end":{"line":71,"column":8}},{"start":{"line":72,"column":4},"end":{"line":77,"column":8}},{"start":{"line":78,"column":4},"end":{"line":82,"column":8}},{"start":{"line":83,"column":4},"end":{"line":87,"column":8}},{"start":{"line":88,"column":4},"end":{"line":92,"column":8}},{"start":{"line":93,"column":4},"end":{"line":97,"column":8}},{"start":{"line":98,"column":4},"end":{"line":102,"column":8}},{"start":{"line":103,"column":4},"end":{"line":107,"column":8}},{"start":{"line":108,"column":4},"end":{"line":112,"column":8}},{"start":{"line":113,"column":4},"end":{"line":114,"column":19}}],"line":33}},"s":{"0":1,"1":1,"2":1,"3":0,"4":0,"5":0,"6":0,"7":0,"8":0,"9":0,"10":0,"11":0,"12":0,"13":0,"14":0,"15":0,"16":0,"17":1},"f":{"0":1},"b":{"0":[1],"1":[0,0,0,0,0,0,0,0,0,0,0,0,0,0,1]},"_coverageSchema":"332fd63041d2c1bcb487cc26dd0d5f7d97098a6c","hash":"efca2bdba0230ebdc9a371e3f6ab97d5803add30"}
,"C:\\Users\\barte\\Downloads\\movies-app-master\\src\\routes\\routes.js": {"path":"C:\\Users\\barte\\Downloads\\movies-app-master\\src\\routes\\routes.js","statementMap":{"0":{"start":{"line":1,"column":22},"end":{"line":10,"column":1}}},"fnMap":{},"branchMap":{},"s":{"0":1},"f":{},"b":{},"_coverageSchema":"332fd63041d2c1bcb487cc26dd0d5f7d97098a6c","hash":"416a3de1c52ff77ef239e8028fb9aa5c68ee5123"}
,"C:\\Users\\barte\\Downloads\\movies-app-master\\src\\store\\index.js": {"path":"C:\\Users\\barte\\Downloads\\movies-app-master\\src\\store\\index.js","statementMap":{"0":{"start":{"line":5,"column":25},"end":{"line":5,"column":79}},"1":{"start":{"line":6,"column":14},"end":{"line":9,"column":1}}},"fnMap":{},"branchMap":{"0":{"loc":{"start":{"line":5,"column":25},"end":{"line":5,"column":79}},"type":"binary-expr","locations":[{"start":{"line":5,"column":25},"end":{"line":5,"column":68}},{"start":{"line":5,"column":72},"end":{"line":5,"column":79}}],"line":5}},"s":{"0":1,"1":1},"f":{},"b":{"0":[1,1]},"_coverageSchema":"332fd63041d2c1bcb487cc26dd0d5f7d97098a6c","hash":"739d7400f8bfc0e1f17e957cd5ff1e13dc08953d"}
,"C:\\Users\\barte\\Downloads\\movies-app-master\\src\\theme\\GlobalStyle.js": {"path":"C:\\Users\\barte\\Downloads\\movies-app-master\\src\\theme\\GlobalStyle.js","statementMap":{"0":{"start":{"line":4,"column":20},"end":{"line":28,"column":1}}},"fnMap":{},"branchMap":{},"s":{"0":1},"f":{},"b":{},"_coverageSchema":"332fd63041d2c1bcb487cc26dd0d5f7d97098a6c","hash":"307b7dcf8797aaa3f8ff02ac3660b79e0fb12b76"}
}
